[0310/175409.508:ERROR:process_memory_win.cc(73)] ReadMemory at 0x7ff6f4260000 of 64 bytes failed: Only part of a ReadProcessMemory or WriteProcessMemory request was completed. (0x12B)
[0310/175409.509:WARNING:pe_image_reader.cc(340)] could not read dos header from C:\Program Files (x86)\Google\Chrome\Application\chrome.exe
[0310/175409.509:ERROR:process_memory_win.cc(73)] ReadMemory at 0x7fff58120000 of 64 bytes failed: Only part of a ReadProcessMemory or WriteProcessMemory request was completed. (0x12B)
[0310/175409.509:WARNING:pe_image_reader.cc(340)] could not read dos header from C:\Windows\SYSTEM32\ntdll.dll
[0310/175409.509:ERROR:process_memory_win.cc(73)] ReadMemory at 0x7fff56540000 of 64 bytes failed: Only part of a ReadProcessMemory or WriteProcessMemory request was completed. (0x12B)
[0310/175409.510:WARNING:pe_image_reader.cc(340)] could not read dos header from C:\Windows\System32\KERNEL32.DLL
[0310/175409.510:ERROR:process_memory_win.cc(73)] ReadMemory at 0x7fff55360000 of 64 bytes failed: Only part of a ReadProcessMemory or WriteProcessMemory request was completed. (0x12B)
[0310/175409.510:WARNING:pe_image_reader.cc(340)] could not read dos header from C:\Windows\System32\KERNELBASE.dll
[0310/175409.510:ERROR:process_memory_win.cc(73)] ReadMemory at 0x6f670000 of 64 bytes failed: Only part of a ReadProcessMemory or WriteProcessMemory request was completed. (0x12B)
[0310/175409.510:WARNING:pe_image_reader.cc(340)] could not read dos header from C:\Windows\System32\SYSFER.DLL
[0310/175409.510:ERROR:process_memory_win.cc(73)] ReadMemory at 0x7fff31390000 of 64 bytes failed: Only part of a ReadProcessMemory or WriteProcessMemory request was completed. (0x12B)
[0310/175409.510:WARNING:pe_image_reader.cc(340)] could not read dos header from C:\Program Files (x86)\Google\Chrome\Application\80.0.3987.132\chrome_elf.dll
[0310/175409.510:ERROR:process_memory_win.cc(73)] ReadMemory at 0x7fff49cf0000 of 64 bytes failed: Only part of a ReadProcessMemory or WriteProcessMemory request was completed. (0x12B)
[0310/175409.510:WARNING:pe_image_reader.cc(340)] could not read dos header from C:\Windows\SYSTEM32\VERSION.dll
[0310/175409.510:ERROR:process_memory_win.cc(73)] ReadMemory at 0x7fff57a00000 of 64 bytes failed: Only part of a ReadProcessMemory or WriteProcessMemory request was completed. (0x12B)
[0310/175409.510:WARNING:pe_image_reader.cc(340)] could not read dos header from C:\Windows\System32\msvcrt.dll
[0310/175409.510:ERROR:process_memory_win.cc(73)] ReadMemory at 0x7fff556b0000 of 64 bytes failed: Only part of a ReadProcessMemory or WriteProcessMemory request was completed. (0x12B)
[0310/175409.510:WARNING:pe_image_reader.cc(340)] could not read dos header from C:\Windows\System32\bcryptPrimitives.dll
[0310/175409.510:ERROR:process_memory_win.cc(73)] ReadMemory at 0x7fff57f10000 of 64 bytes failed: Only part of a ReadProcessMemory or WriteProcessMemory request was completed. (0x12B)
[0310/175409.510:WARNING:pe_image_reader.cc(340)] could not read dos header from C:\Windows\System32\ADVAPI32.dll
[0310/175409.511:ERROR:process_memory_win.cc(73)] ReadMemory at 0x7fff575a0000 of 64 bytes failed: Only part of a ReadProcessMemory or WriteProcessMemory request was completed. (0x12B)
[0310/175409.511:WARNING:pe_image_reader.cc(340)] could not read dos header from C:\Windows\System32\sechost.dll
[0310/175409.511:ERROR:process_memory_win.cc(73)] ReadMemory at 0x7fff57fc0000 of 64 bytes failed: Only part of a ReadProcessMemory or WriteProcessMemory request was completed. (0x12B)
[0310/175409.511:WARNING:pe_image_reader.cc(340)] could not read dos header from C:\Windows\System32\RPCRT4.dll
[0310/175409.511:ERROR:process_memory_win.cc(73)] ReadMemory at 0x7ffec51b0000 of 64 bytes failed: Only part of a ReadProcessMemory or WriteProcessMemory request was completed. (0x12B)
[0310/175409.511:WARNING:pe_image_reader.cc(340)] could not read dos header from C:\Program Files (x86)\Google\Chrome\Application\80.0.3987.132\chrome.dll
[0310/175409.511:ERROR:process_memory_win.cc(73)] ReadMemory at 0x7fff56790000 of 64 bytes failed: Only part of a ReadProcessMemory or WriteProcessMemory request was completed. (0x12B)
[0310/175409.511:WARNING:pe_image_reader.cc(340)] could not read dos header from C:\Windows\System32\WS2_32.dll
[0310/175409.511:ERROR:process_memory_win.cc(73)] ReadMemory at 0x7fff57460000 of 64 bytes failed: Only part of a ReadProcessMemory or WriteProcessMemory request was completed. (0x12B)
[0310/175409.511:WARNING:pe_image_reader.cc(340)] could not read dos header from C:\Windows\System32\OLEAUT32.dll
[0310/175409.511:ERROR:process_memory_win.cc(73)] ReadMemory at 0x7fff55610000 of 64 bytes failed: Only part of a ReadProcessMemory or WriteProcessMemory request was completed. (0x12B)
[0310/175409.511:WARNING:pe_image_reader.cc(340)] could not read dos header from C:\Windows\System32\msvcp_win.dll
[0310/175409.511:ERROR:process_memory_win.cc(73)] ReadMemory at 0x7fff551b0000 of 64 bytes failed: Only part of a ReadProcessMemory or WriteProcessMemory request was completed. (0x12B)
[0310/175409.511:WARNING:pe_image_reader.cc(340)] could not read dos header from C:\Windows\System32\ucrtbase.dll
[0310/175409.511:ERROR:process_memory_win.cc(73)] ReadMemory at 0x7fff56200000 of 64 bytes failed: Only part of a ReadProcessMemory or WriteProcessMemory request was completed. (0x12B)
[0310/175409.511:WARNING:pe_image_reader.cc(340)] could not read dos header from C:\Windows\System32\combase.dll
[0310/175409.511:ERROR:process_memory_win.cc(73)] ReadMemory at 0x7fff552b0000 of 64 bytes failed: Only part of a ReadProcessMemory or WriteProcessMemory request was completed. (0x12B)
[0310/175409.511:WARNING:pe_image_reader.cc(340)] could not read dos header from C:\Windows\System32\WINTRUST.dll
[0310/175409.511:ERROR:process_memory_win.cc(73)] ReadMemory at 0x7fff55000000 of 64 bytes failed: Only part of a ReadProcessMemory or WriteProcessMemory request was completed. (0x12B)
[0310/175409.511:WARNING:pe_image_reader.cc(340)] could not read dos header from C:\Windows\System32\MSASN1.dll
[0310/175409.511:ERROR:process_memory_win.cc(73)] ReadMemory at 0x7fff56090000 of 64 bytes failed: Only part of a ReadProcessMemory or WriteProcessMemory request was completed. (0x12B)
[0310/175409.511:WARNING:pe_image_reader.cc(340)] could not read dos header from C:\Windows\System32\CRYPT32.dll
[0310/175409.511:ERROR:process_memory_win.cc(73)] ReadMemory at 0x7fff545c0000 of 64 bytes failed: Only part of a ReadProcessMemory or WriteProcessMemory request was completed. (0x12B)
[0310/175409.511:WARNING:pe_image_reader.cc(340)] could not read dos header from C:\Windows\SYSTEM32\IPHLPAPI.DLL
[0310/175409.511:ERROR:process_memory_win.cc(73)] ReadMemory at 0x7fff51f50000 of 64 bytes failed: Only part of a ReadProcessMemory or WriteProcessMemory request was completed. (0x12B)
[0310/175409.511:WARNING:pe_image_reader.cc(340)] could not read dos header from C:\Windows\SYSTEM32\WINMM.dll
[0310/175409.512:ERROR:process_memory_win.cc(73)] ReadMemory at 0x7fff46840000 of 64 bytes failed: Only part of a ReadProcessMemory or WriteProcessMemory request was completed. (0x12B)
[0310/175409.512:WARNING:pe_image_reader.cc(340)] could not read dos header from C:\Windows\SYSTEM32\Secur32.dll
[0310/175409.512:ERROR:process_memory_win.cc(73)] ReadMemory at 0x7fff54f10000 of 64 bytes failed: Only part of a ReadProcessMemory or WriteProcessMemory request was completed. (0x12B)
[0310/175409.512:WARNING:pe_image_reader.cc(340)] could not read dos header from C:\Windows\SYSTEM32\USERENV.dll
[0310/175409.512:ERROR:process_memory_win.cc(73)] ReadMemory at 0x7fff55020000 of 64 bytes failed: Only part of a ReadProcessMemory or WriteProcessMemory request was completed. (0x12B)
[0310/175409.512:WARNING:pe_image_reader.cc(340)] could not read dos header from C:\Windows\System32\profapi.dll
[0310/175409.512:ERROR:process_memory_win.cc(73)] ReadMemory at 0x7fff234d0000 of 64 bytes failed: Only part of a ReadProcessMemory or WriteProcessMemory request was completed. (0x12B)
[0310/175409.512:WARNING:pe_image_reader.cc(340)] could not read dos header from C:\Windows\SYSTEM32\UIAutomationCore.DLL
[0310/175409.512:ERROR:process_memory_win.cc(73)] ReadMemory at 0x7fff404d0000 of 64 bytes failed: Only part of a ReadProcessMemory or WriteProcessMemory request was completed. (0x12B)
[0310/175409.512:WARNING:pe_image_reader.cc(340)] could not read dos header from C:\Windows\SYSTEM32\DWrite.dll
[0310/175409.512:ERROR:process_memory_win.cc(73)] ReadMemory at 0x7fff39360000 of 64 bytes failed: Only part of a ReadProcessMemory or WriteProcessMemory request was completed. (0x12B)
[0310/175409.512:WARNING:pe_image_reader.cc(340)] could not read dos header from C:\Windows\SYSTEM32\WINSPOOL.DRV
[0310/175409.512:ERROR:process_memory_win.cc(73)] ReadMemory at 0x7fff55040000 of 64 bytes failed: Only part of a ReadProcessMemory or WriteProcessMemory request was completed. (0x12B)
[0310/175409.512:WARNING:pe_image_reader.cc(340)] could not read dos header from C:\Windows\System32\kernel.appcore.dll
[0310/175409.512:ERROR:process_memory_win.cc(73)] ReadMemory at 0x7fff56060000 of 64 bytes failed: Only part of a ReadProcessMemory or WriteProcessMemory request was completed. (0x12B)
[0310/175409.512:WARNING:pe_image_reader.cc(340)] could not read dos header from C:\Windows\System32\bcrypt.dll
[0310/175409.512:ERROR:process_memory_win.cc(73)] ReadMemory at 0x7fff538d0000 of 64 bytes failed: Only part of a ReadProcessMemory or WriteProcessMemory request was completed. (0x12B)
[0310/175409.512:WARNING:pe_image_reader.cc(340)] could not read dos header from C:\Windows\SYSTEM32\dbghelp.dll
[0310/175409.512:ERROR:process_memory_win.cc(73)] ReadMemory at 0x7fff44460000 of 64 bytes failed: Only part of a ReadProcessMemory or WriteProcessMemory request was completed. (0x12B)
[0310/175409.512:WARNING:pe_image_reader.cc(340)] could not read dos header from C:\Windows\SYSTEM32\WINHTTP.dll
[0310/175409.512:ERROR:process_memory_win.cc(73)] ReadMemory at 0x7fff4f410000 of 64 bytes failed: Only part of a ReadProcessMemory or WriteProcessMemory request was completed. (0x12B)
[0310/175409.512:WARNING:pe_image_reader.cc(340)] could not read dos header from C:\Windows\SYSTEM32\dhcpcsvc.DLL
[0310/175409.512:ERROR:process_memory_win.cc(73)] ReadMemory at 0x7fff571c0000 of 64 bytes failed: Only part of a ReadProcessMemory or WriteProcessMemory request was completed. (0x12B)
[0310/175409.512:WARNING:pe_image_reader.cc(340)] could not read dos header from C:\Windows\System32\NSI.dll
[0310/175409.512:ERROR:process_memory_win.cc(73)] ReadMemory at 0x7fff51e20000 of 64 bytes failed: Only part of a ReadProcessMemory or WriteProcessMemory request was completed. (0x12B)
[0310/175409.512:WARNING:pe_image_reader.cc(340)] could not read dos header from C:\Windows\SYSTEM32\WINMMBASE.dll
[0310/175409.512:ERROR:process_memory_win.cc(73)] ReadMemory at 0x7fff55310000 of 64 bytes failed: Only part of a ReadProcessMemory or WriteProcessMemory request was completed. (0x12B)
[0310/175409.512:WARNING:pe_image_reader.cc(340)] could not read dos header from C:\Windows\System32\cfgmgr32.dll
[0310/175409.512:ERROR:process_memory_win.cc(73)] ReadMemory at 0x7fff524f0000 of 64 bytes failed: Only part of a ReadProcessMemory or WriteProcessMemory request was completed. (0x12B)
[0310/175409.512:WARNING:pe_image_reader.cc(340)] could not read dos header from C:\Windows\SYSTEM32\PROPSYS.dll
[0310/175409.512:ERROR:process_memory_win.cc(73)] ReadMemory at 0x7fff576c0000 of 64 bytes failed: Only part of a ReadProcessMemory or WriteProcessMemory request was completed. (0x12B)
[0310/175409.512:WARNING:pe_image_reader.cc(340)] could not read dos header from C:\Windows\System32\shcore.dll
[0310/175409.512:ERROR:process_memory_win.cc(73)] ReadMemory at 0x7fff54ee0000 of 64 bytes failed: Only part of a ReadProcessMemory or WriteProcessMemory request was completed. (0x12B)
[0310/175409.512:WARNING:pe_image_reader.cc(340)] could not read dos header from C:\Windows\SYSTEM32\SSPICLI.DLL
[0310/175409.512:ERROR:process_memory_win.cc(73)] ReadMemory at 0x7fff56800000 of 64 bytes failed: Only part of a ReadProcessMemory or WriteProcessMemory request was completed. (0x12B)
[0310/175409.512:WARNING:pe_image_reader.cc(340)] could not read dos header from C:\Windows\System32\SHELL32.dll
[0310/175409.512:ERROR:process_memory_win.cc(73)] ReadMemory at 0x7fff558e0000 of 64 bytes failed: Only part of a ReadProcessMemory or WriteProcessMemory request was completed. (0x12B)
[0310/175409.512:WARNING:pe_image_reader.cc(340)] could not read dos header from C:\Windows\System32\windows.storage.dll
[0310/175409.512:ERROR:process_memory_win.cc(73)] ReadMemory at 0x7fff55060000 of 64 bytes failed: Only part of a ReadProcessMemory or WriteProcessMemory request was completed. (0x12B)
[0310/175409.512:WARNING:pe_image_reader.cc(340)] could not read dos header from C:\Windows\System32\powrprof.dll
[0310/175409.512:ERROR:process_memory_win.cc(73)] ReadMemory at 0x7fff54ff0000 of 64 bytes failed: Only part of a ReadProcessMemory or WriteProcessMemory request was completed. (0x12B)
[0310/175409.512:WARNING:pe_image_reader.cc(340)] could not read dos header from C:\Windows\System32\UMPDC.dll
[0310/175409.512:ERROR:process_memory_win.cc(73)] ReadMemory at 0x7fff57530000 of 64 bytes failed: Only part of a ReadProcessMemory or WriteProcessMemory request was completed. (0x12B)
[0310/175409.512:WARNING:pe_image_reader.cc(340)] could not read dos header from C:\Windows\System32\shlwapi.dll
[0310/175409.512:ERROR:process_memory_win.cc(73)] ReadMemory at 0x253b8270000 of 64 bytes failed: Only part of a ReadProcessMemory or WriteProcessMemory request was completed. (0x12B)
[0310/175409.512:WARNING:pe_image_reader.cc(340)] could not read dos header from C:\Windows\System32\GDI32.dll
[0310/175409.513:ERROR:process_memory_win.cc(73)] ReadMemory at 0x7fff550d0000 of 64 bytes failed: Only part of a ReadProcessMemory or WriteProcessMemory request was completed. (0x12B)
[0310/175409.513:WARNING:pe_image_reader.cc(340)] could not read dos header from C:\Windows\System32\win32u.dll
[0310/175409.513:ERROR:process_memory_win.cc(73)] ReadMemory at 0x7fff55740000 of 64 bytes failed: Only part of a ReadProcessMemory or WriteProcessMemory request was completed. (0x12B)
[0310/175409.513:WARNING:pe_image_reader.cc(340)] could not read dos header from C:\Windows\System32\gdi32full.dll
[0310/175409.513:ERROR:process_memory_win.cc(73)] ReadMemory at 0x7fff57800000 of 64 bytes failed: Only part of a ReadProcessMemory or WriteProcessMemory request was completed. (0x12B)
[0310/175409.513:WARNING:pe_image_reader.cc(340)] could not read dos header from C:\Windows\System32\USER32.dll
[0310/175409.513:ERROR:process_memory_win.cc(73)] ReadMemory at 0x7fff550b0000 of 64 bytes failed: Only part of a ReadProcessMemory or WriteProcessMemory request was completed. (0x12B)
[0310/175409.513:WARNING:pe_image_reader.cc(340)] could not read dos header from C:\Windows\System32\cryptsp.dll
[0310/175409.513:ERROR:process_memory_win.cc(73)] ReadMemory at 0x7fff57770000 of 64 bytes failed: Only part of a ReadProcessMemory or WriteProcessMemory request was completed. (0x12B)
[0310/175409.513:WARNING:pe_image_reader.cc(340)] could not read dos header from C:\Windows\System32\IMM32.DLL
[0310/175409.513:ERROR:process_memory_win.cc(73)] ReadMemory at 0x7fff54a30000 of 64 bytes failed: Only part of a ReadProcessMemory or WriteProcessMemory request was completed. (0x12B)
[0310/175409.513:WARNING:pe_image_reader.cc(340)] could not read dos header from C:\Windows\SYSTEM32\CRYPTBASE.DLL
[0310/175409.513:ERROR:process_memory_win.cc(73)] ReadMemory at 0x7ff6f4260000 of 64 bytes failed: Only part of a ReadProcessMemory or WriteProcessMemory request was completed. (0x12B)
[0310/175409.513:WARNING:pe_image_reader.cc(340)] could not read dos header from C:\Program Files (x86)\Google\Chrome\Application\chrome.exe
[0310/175409.513:ERROR:process_memory_win.cc(73)] ReadMemory at 0x7fff58120000 of 64 bytes failed: Only part of a ReadProcessMemory or WriteProcessMemory request was completed. (0x12B)
[0310/175409.513:WARNING:pe_image_reader.cc(340)] could not read dos header from C:\Windows\SYSTEM32\ntdll.dll
[0310/175409.513:ERROR:process_memory_win.cc(73)] ReadMemory at 0x7fff56540000 of 64 bytes failed: Only part of a ReadProcessMemory or WriteProcessMemory request was completed. (0x12B)
[0310/175409.513:WARNING:pe_image_reader.cc(340)] could not read dos header from C:\Windows\System32\KERNEL32.DLL
[0310/175409.513:ERROR:process_memory_win.cc(73)] ReadMemory at 0x7fff55360000 of 64 bytes failed: Only part of a ReadProcessMemory or WriteProcessMemory request was completed. (0x12B)
[0310/175409.513:WARNING:pe_image_reader.cc(340)] could not read dos header from C:\Windows\System32\KERNELBASE.dll
[0310/175409.513:ERROR:process_memory_win.cc(73)] ReadMemory at 0x6f670000 of 64 bytes failed: Only part of a ReadProcessMemory or WriteProcessMemory request was completed. (0x12B)
[0310/175409.513:WARNING:pe_image_reader.cc(340)] could not read dos header from C:\Windows\System32\SYSFER.DLL
[0310/175409.513:ERROR:process_memory_win.cc(73)] ReadMemory at 0x7fff31390000 of 64 bytes failed: Only part of a ReadProcessMemory or WriteProcessMemory request was completed. (0x12B)
[0310/175409.513:WARNING:pe_image_reader.cc(340)] could not read dos header from C:\Program Files (x86)\Google\Chrome\Application\80.0.3987.132\chrome_elf.dll
[0310/175409.513:ERROR:process_memory_win.cc(73)] ReadMemory at 0x7fff49cf0000 of 64 bytes failed: Only part of a ReadProcessMemory or WriteProcessMemory request was completed. (0x12B)
[0310/175409.513:WARNING:pe_image_reader.cc(340)] could not read dos header from C:\Windows\SYSTEM32\VERSION.dll
[0310/175409.513:ERROR:process_memory_win.cc(73)] ReadMemory at 0x7fff57a00000 of 64 bytes failed: Only part of a ReadProcessMemory or WriteProcessMemory request was completed. (0x12B)
[0310/175409.513:WARNING:pe_image_reader.cc(340)] could not read dos header from C:\Windows\System32\msvcrt.dll
[0310/175409.513:ERROR:process_memory_win.cc(73)] ReadMemory at 0x7fff556b0000 of 64 bytes failed: Only part of a ReadProcessMemory or WriteProcessMemory request was completed. (0x12B)
[0310/175409.513:WARNING:pe_image_reader.cc(340)] could not read dos header from C:\Windows\System32\bcryptPrimitives.dll
[0310/175409.513:ERROR:process_memory_win.cc(73)] ReadMemory at 0x7fff57f10000 of 64 bytes failed: Only part of a ReadProcessMemory or WriteProcessMemory request was completed. (0x12B)
[0310/175409.513:WARNING:pe_image_reader.cc(340)] could not read dos header from C:\Windows\System32\ADVAPI32.dll
[0310/175409.513:ERROR:process_memory_win.cc(73)] ReadMemory at 0x7fff575a0000 of 64 bytes failed: Only part of a ReadProcessMemory or WriteProcessMemory request was completed. (0x12B)
[0310/175409.513:WARNING:pe_image_reader.cc(340)] could not read dos header from C:\Windows\System32\sechost.dll
[0310/175409.513:ERROR:process_memory_win.cc(73)] ReadMemory at 0x7fff57fc0000 of 64 bytes failed: Only part of a ReadProcessMemory or WriteProcessMemory request was completed. (0x12B)
[0310/175409.514:WARNING:pe_image_reader.cc(340)] could not read dos header from C:\Windows\System32\RPCRT4.dll
[0310/175409.514:ERROR:process_memory_win.cc(73)] ReadMemory at 0x7ffec51b0000 of 64 bytes failed: Only part of a ReadProcessMemory or WriteProcessMemory request was completed. (0x12B)
[0310/175409.514:WARNING:pe_image_reader.cc(340)] could not read dos header from C:\Program Files (x86)\Google\Chrome\Application\80.0.3987.132\chrome.dll
[0310/175409.514:ERROR:process_memory_win.cc(73)] ReadMemory at 0x7fff56790000 of 64 bytes failed: Only part of a ReadProcessMemory or WriteProcessMemory request was completed. (0x12B)
[0310/175409.514:WARNING:pe_image_reader.cc(340)] could not read dos header from C:\Windows\System32\WS2_32.dll
[0310/175409.514:ERROR:process_memory_win.cc(73)] ReadMemory at 0x7fff57460000 of 64 bytes failed: Only part of a ReadProcessMemory or WriteProcessMemory request was completed. (0x12B)
[0310/175409.514:WARNING:pe_image_reader.cc(340)] could not read dos header from C:\Windows\System32\OLEAUT32.dll
[0310/175409.514:ERROR:process_memory_win.cc(73)] ReadMemory at 0x7fff55610000 of 64 bytes failed: Only part of a ReadProcessMemory or WriteProcessMemory request was completed. (0x12B)
[0310/175409.514:WARNING:pe_image_reader.cc(340)] could not read dos header from C:\Windows\System32\msvcp_win.dll
[0310/175409.514:ERROR:process_memory_win.cc(73)] ReadMemory at 0x7fff551b0000 of 64 bytes failed: Only part of a ReadProcessMemory or WriteProcessMemory request was completed. (0x12B)
[0310/175409.514:WARNING:pe_image_reader.cc(340)] could not read dos header from C:\Windows\System32\ucrtbase.dll
[0310/175409.514:ERROR:process_memory_win.cc(73)] ReadMemory at 0x7fff56200000 of 64 bytes failed: Only part of a ReadProcessMemory or WriteProcessMemory request was completed. (0x12B)
[0310/175409.514:WARNING:pe_image_reader.cc(340)] could not read dos header from C:\Windows\System32\combase.dll
[0310/175409.514:ERROR:process_memory_win.cc(73)] ReadMemory at 0x7fff552b0000 of 64 bytes failed: Only part of a ReadProcessMemory or WriteProcessMemory request was completed. (0x12B)
[0310/175409.514:WARNING:pe_image_reader.cc(340)] could not read dos header from C:\Windows\System32\WINTRUST.dll
[0310/175409.514:ERROR:process_memory_win.cc(73)] ReadMemory at 0x7fff55000000 of 64 bytes failed: Only part of a ReadProcessMemory or WriteProcessMemory request was completed. (0x12B)
[0310/175409.514:WARNING:pe_image_reader.cc(340)] could not read dos header from C:\Windows\System32\MSASN1.dll
[0310/175409.514:ERROR:process_memory_win.cc(73)] ReadMemory at 0x7fff56090000 of 64 bytes failed: Only part of a ReadProcessMemory or WriteProcessMemory request was completed. (0x12B)
[0310/175409.514:WARNING:pe_image_reader.cc(340)] could not read dos header from C:\Windows\System32\CRYPT32.dll
[0310/175409.514:ERROR:process_memory_win.cc(73)] ReadMemory at 0x7fff545c0000 of 64 bytes failed: Only part of a ReadProcessMemory or WriteProcessMemory request was completed. (0x12B)
[0310/175409.514:WARNING:pe_image_reader.cc(340)] could not read dos header from C:\Windows\SYSTEM32\IPHLPAPI.DLL
[0310/175409.514:ERROR:process_memory_win.cc(73)] ReadMemory at 0x7fff51f50000 of 64 bytes failed: Only part of a ReadProcessMemory or WriteProcessMemory request was completed. (0x12B)
[0310/175409.514:WARNING:pe_image_reader.cc(340)] could not read dos header from C:\Windows\SYSTEM32\WINMM.dll
[0310/175409.514:ERROR:process_memory_win.cc(73)] ReadMemory at 0x7fff46840000 of 64 bytes failed: Only part of a ReadProcessMemory or WriteProcessMemory request was completed. (0x12B)
[0310/175409.514:WARNING:pe_image_reader.cc(340)] could not read dos header from C:\Windows\SYSTEM32\Secur32.dll
[0310/175409.514:ERROR:process_memory_win.cc(73)] ReadMemory at 0x7fff54f10000 of 64 bytes failed: Only part of a ReadProcessMemory or WriteProcessMemory request was completed. (0x12B)
[0310/175409.514:WARNING:pe_image_reader.cc(340)] could not read dos header from C:\Windows\SYSTEM32\USERENV.dll
[0310/175409.514:ERROR:process_memory_win.cc(73)] ReadMemory at 0x7fff55020000 of 64 bytes failed: Only part of a ReadProcessMemory or WriteProcessMemory request was completed. (0x12B)
[0310/175409.514:WARNING:pe_image_reader.cc(340)] could not read dos header from C:\Windows\System32\profapi.dll
[0310/175409.514:ERROR:process_memory_win.cc(73)] ReadMemory at 0x7fff234d0000 of 64 bytes failed: Only part of a ReadProcessMemory or WriteProcessMemory request was completed. (0x12B)
[0310/175409.514:WARNING:pe_image_reader.cc(340)] could not read dos header from C:\Windows\SYSTEM32\UIAutomationCore.DLL
[0310/175409.514:ERROR:process_memory_win.cc(73)] ReadMemory at 0x7fff404d0000 of 64 bytes failed: Only part of a ReadProcessMemory or WriteProcessMemory request was completed. (0x12B)
[0310/175409.514:WARNING:pe_image_reader.cc(340)] could not read dos header from C:\Windows\SYSTEM32\DWrite.dll
[0310/175409.514:ERROR:process_memory_win.cc(73)] ReadMemory at 0x7fff39360000 of 64 bytes failed: Only part of a ReadProcessMemory or WriteProcessMemory request was completed. (0x12B)
[0310/175409.514:WARNING:pe_image_reader.cc(340)] could not read dos header from C:\Windows\SYSTEM32\WINSPOOL.DRV
[0310/175409.514:ERROR:process_memory_win.cc(73)] ReadMemory at 0x7fff55040000 of 64 bytes failed: Only part of a ReadProcessMemory or WriteProcessMemory request was completed. (0x12B)
[0310/175409.514:WARNING:pe_image_reader.cc(340)] could not read dos header from C:\Windows\System32\kernel.appcore.dll
[0310/175409.514:ERROR:process_memory_win.cc(73)] ReadMemory at 0x7fff56060000 of 64 bytes failed: Only part of a ReadProcessMemory or WriteProcessMemory request was completed. (0x12B)
[0310/175409.514:WARNING:pe_image_reader.cc(340)] could not read dos header from C:\Windows\System32\bcrypt.dll
[0310/175409.514:ERROR:process_memory_win.cc(73)] ReadMemory at 0x7fff538d0000 of 64 bytes failed: Only part of a ReadProcessMemory or WriteProcessMemory request was completed. (0x12B)
[0310/175409.514:WARNING:pe_image_reader.cc(340)] could not read dos header from C:\Windows\SYSTEM32\dbghelp.dll
[0310/175409.514:ERROR:process_memory_win.cc(73)] ReadMemory at 0x7fff44460000 of 64 bytes failed: Only part of a ReadProcessMemory or WriteProcessMemory request was completed. (0x12B)
[0310/175409.514:WARNING:pe_image_reader.cc(340)] could not read dos header from C:\Windows\SYSTEM32\WINHTTP.dll
[0310/175409.514:ERROR:process_memory_win.cc(73)] ReadMemory at 0x7fff4f410000 of 64 bytes failed: Only part of a ReadProcessMemory or WriteProcessMemory request was completed. (0x12B)
[0310/175409.514:WARNING:pe_image_reader.cc(340)] could not read dos header from C:\Windows\SYSTEM32\dhcpcsvc.DLL
[0310/175409.514:ERROR:process_memory_win.cc(73)] ReadMemory at 0x7fff571c0000 of 64 bytes failed: Only part of a ReadProcessMemory or WriteProcessMemory request was completed. (0x12B)
[0310/175409.514:WARNING:pe_image_reader.cc(340)] could not read dos header from C:\Windows\System32\NSI.dll
[0310/175409.514:ERROR:process_memory_win.cc(73)] ReadMemory at 0x7fff51e20000 of 64 bytes failed: Only part of a ReadProcessMemory or WriteProcessMemory request was completed. (0x12B)
[0310/175409.514:WARNING:pe_image_reader.cc(340)] could not read dos header from C:\Windows\SYSTEM32\WINMMBASE.dll
[0310/175409.514:ERROR:process_memory_win.cc(73)] ReadMemory at 0x7fff55310000 of 64 bytes failed: Only part of a ReadProcessMemory or WriteProcessMemory request was completed. (0x12B)
[0310/175409.514:WARNING:pe_image_reader.cc(340)] could not read dos header from C:\Windows\System32\cfgmgr32.dll
[0310/175409.514:ERROR:process_memory_win.cc(73)] ReadMemory at 0x7fff524f0000 of 64 bytes failed: Only part of a ReadProcessMemory or WriteProcessMemory request was completed. (0x12B)
[0310/175409.514:WARNING:pe_image_reader.cc(340)] could not read dos header from C:\Windows\SYSTEM32\PROPSYS.dll
[0310/175409.514:ERROR:process_memory_win.cc(73)] ReadMemory at 0x7fff576c0000 of 64 bytes failed: Only part of a ReadProcessMemory or WriteProcessMemory request was completed. (0x12B)
[0310/175409.514:WARNING:pe_image_reader.cc(340)] could not read dos header from C:\Windows\System32\shcore.dll
[0310/175409.514:ERROR:process_memory_win.cc(73)] ReadMemory at 0x7fff54ee0000 of 64 bytes failed: Only part of a ReadProcessMemory or WriteProcessMemory request was completed. (0x12B)
[0310/175409.515:WARNING:pe_image_reader.cc(340)] could not read dos header from C:\Windows\SYSTEM32\SSPICLI.DLL
[0310/175409.515:ERROR:process_memory_win.cc(73)] ReadMemory at 0x7fff56800000 of 64 bytes failed: Only part of a ReadProcessMemory or WriteProcessMemory request was completed. (0x12B)
[0310/175409.515:WARNING:pe_image_reader.cc(340)] could not read dos header from C:\Windows\System32\SHELL32.dll
[0310/175409.515:ERROR:process_memory_win.cc(73)] ReadMemory at 0x7fff558e0000 of 64 bytes failed: Only part of a ReadProcessMemory or WriteProcessMemory request was completed. (0x12B)
[0310/175409.515:WARNING:pe_image_reader.cc(340)] could not read dos header from C:\Windows\System32\windows.storage.dll
[0310/175409.515:ERROR:process_memory_win.cc(73)] ReadMemory at 0x7fff55060000 of 64 bytes failed: Only part of a ReadProcessMemory or WriteProcessMemory request was completed. (0x12B)
[0310/175409.515:WARNING:pe_image_reader.cc(340)] could not read dos header from C:\Windows\System32\powrprof.dll
[0310/175409.515:ERROR:process_memory_win.cc(73)] ReadMemory at 0x7fff54ff0000 of 64 bytes failed: Only part of a ReadProcessMemory or WriteProcessMemory request was completed. (0x12B)
[0310/175409.515:WARNING:pe_image_reader.cc(340)] could not read dos header from C:\Windows\System32\UMPDC.dll
[0310/175409.515:ERROR:process_memory_win.cc(73)] ReadMemory at 0x7fff57530000 of 64 bytes failed: Only part of a ReadProcessMemory or WriteProcessMemory request was completed. (0x12B)
[0310/175409.515:WARNING:pe_image_reader.cc(340)] could not read dos header from C:\Windows\System32\shlwapi.dll
[0310/175409.515:ERROR:process_memory_win.cc(73)] ReadMemory at 0x253b8270000 of 64 bytes failed: Only part of a ReadProcessMemory or WriteProcessMemory request was completed. (0x12B)
[0310/175409.515:WARNING:pe_image_reader.cc(340)] could not read dos header from C:\Windows\System32\GDI32.dll
[0310/175409.515:ERROR:process_memory_win.cc(73)] ReadMemory at 0x7fff550d0000 of 64 bytes failed: Only part of a ReadProcessMemory or WriteProcessMemory request was completed. (0x12B)
[0310/175409.515:WARNING:pe_image_reader.cc(340)] could not read dos header from C:\Windows\System32\win32u.dll
[0310/175409.515:ERROR:process_memory_win.cc(73)] ReadMemory at 0x7fff55740000 of 64 bytes failed: Only part of a ReadProcessMemory or WriteProcessMemory request was completed. (0x12B)
[0310/175409.515:WARNING:pe_image_reader.cc(340)] could not read dos header from C:\Windows\System32\gdi32full.dll
[0310/175409.515:ERROR:process_memory_win.cc(73)] ReadMemory at 0x7fff57800000 of 64 bytes failed: Only part of a ReadProcessMemory or WriteProcessMemory request was completed. (0x12B)
[0310/175409.515:WARNING:pe_image_reader.cc(340)] could not read dos header from C:\Windows\System32\USER32.dll
[0310/175409.515:ERROR:process_memory_win.cc(73)] ReadMemory at 0x7fff550b0000 of 64 bytes failed: Only part of a ReadProcessMemory or WriteProcessMemory request was completed. (0x12B)
[0310/175409.515:WARNING:pe_image_reader.cc(340)] could not read dos header from C:\Windows\System32\cryptsp.dll
[0310/175409.515:ERROR:process_memory_win.cc(73)] ReadMemory at 0x7fff57770000 of 64 bytes failed: Only part of a ReadProcessMemory or WriteProcessMemory request was completed. (0x12B)
[0310/175409.515:WARNING:pe_image_reader.cc(340)] could not read dos header from C:\Windows\System32\IMM32.DLL
[0310/175409.515:ERROR:process_memory_win.cc(73)] ReadMemory at 0x7fff54a30000 of 64 bytes failed: Only part of a ReadProcessMemory or WriteProcessMemory request was completed. (0x12B)
[0310/175409.515:WARNING:pe_image_reader.cc(340)] could not read dos header from C:\Windows\SYSTEM32\CRYPTBASE.DLL
[0310/175409.524:ERROR:process_memory_win.cc(73)] ReadMemory at 0xc0ed9f5000 of 45056 bytes failed: Only part of a ReadProcessMemory or WriteProcessMemory request was completed. (0x12B)
[0310/175409.524:ERROR:process_memory_win.cc(73)] ReadMemory at 0xc0ee1fd000 of 12288 bytes failed: Only part of a ReadProcessMemory or WriteProcessMemory request was completed. (0x12B)
[0310/175409.525:ERROR:process_memory_win.cc(73)] ReadMemory at 0xc0ee9f9000 of 28672 bytes failed: Only part of a ReadProcessMemory or WriteProcessMemory request was completed. (0x12B)
[0310/175409.525:ERROR:process_memory_win.cc(73)] ReadMemory at 0xc0ef1fd000 of 12288 bytes failed: Only part of a ReadProcessMemory or WriteProcessMemory request was completed. (0x12B)
[0310/175409.525:ERROR:process_memory_win.cc(73)] ReadMemory at 0xc0ef9fc000 of 16384 bytes failed: Only part of a ReadProcessMemory or WriteProcessMemory request was completed. (0x12B)
[0310/175409.525:ERROR:process_memory_win.cc(73)] ReadMemory at 0xc0f01fe000 of 8192 bytes failed: Only part of a ReadProcessMemory or WriteProcessMemory request was completed. (0x12B)
[0310/175409.525:ERROR:process_memory_win.cc(73)] ReadMemory at 0xc0f09fd000 of 12288 bytes failed: Only part of a ReadProcessMemory or WriteProcessMemory request was completed. (0x12B)
[0310/175409.525:ERROR:process_memory_win.cc(73)] ReadMemory at 0xc0f11fb000 of 20480 bytes failed: Only part of a ReadProcessMemory or WriteProcessMemory request was completed. (0x12B)
[0310/175409.525:ERROR:process_memory_win.cc(73)] ReadMemory at 0xc0f19fd000 of 12288 bytes failed: Only part of a ReadProcessMemory or WriteProcessMemory request was completed. (0x12B)
[0310/175409.525:ERROR:process_memory_win.cc(73)] ReadMemory at 0xc0f21fd000 of 12288 bytes failed: Only part of a ReadProcessMemory or WriteProcessMemory request was completed. (0x12B)
[0310/175409.525:ERROR:process_memory_win.cc(73)] ReadMemory at 0xc0f29fd000 of 12288 bytes failed: Only part of a ReadProcessMemory or WriteProcessMemory request was completed. (0x12B)
[0310/175409.525:ERROR:process_memory_win.cc(73)] ReadMemory at 0xc0f31fd000 of 12288 bytes failed: Only part of a ReadProcessMemory or WriteProcessMemory request was completed. (0x12B)
[0310/175409.525:ERROR:process_memory_win.cc(73)] ReadMemory at 0xc0f39fd000 of 12288 bytes failed: Only part of a ReadProcessMemory or WriteProcessMemory request was completed. (0x12B)
[0310/175409.525:ERROR:process_memory_win.cc(73)] ReadMemory at 0xc0f41fd000 of 12288 bytes failed: Only part of a ReadProcessMemory or WriteProcessMemory request was completed. (0x12B)
[0310/175409.525:ERROR:process_memory_win.cc(73)] ReadMemory at 0xc0f49fd000 of 12288 bytes failed: Only part of a ReadProcessMemory or WriteProcessMemory request was completed. (0x12B)
[0310/175409.525:ERROR:process_memory_win.cc(73)] ReadMemory at 0xc0f51fd000 of 12288 bytes failed: Only part of a ReadProcessMemory or WriteProcessMemory request was completed. (0x12B)
[0310/175409.526:ERROR:process_memory_win.cc(73)] ReadMemory at 0xc0ed0fa000 of 852 bytes failed: Only part of a ReadProcessMemory or WriteProcessMemory request was completed. (0x12B)
[0310/175409.526:ERROR:process_memory_win.cc(73)] ReadMemory at 0xc0ed0fb000 of 6024 bytes failed: Only part of a ReadProcessMemory or WriteProcessMemory request was completed. (0x12B)
[0310/175409.526:ERROR:process_memory_win.cc(73)] ReadMemory at 0xc0ed0fd000 of 6024 bytes failed: Only part of a ReadProcessMemory or WriteProcessMemory request was completed. (0x12B)
[0310/175409.526:ERROR:process_memory_win.cc(73)] ReadMemory at 0xc0ed0ff000 of 6024 bytes failed: Only part of a ReadProcessMemory or WriteProcessMemory request was completed. (0x12B)
[0310/175409.526:ERROR:process_memory_win.cc(73)] ReadMemory at 0xc0ed101000 of 6024 bytes failed: Only part of a ReadProcessMemory or WriteProcessMemory request was completed. (0x12B)
[0310/175409.526:ERROR:process_memory_win.cc(73)] ReadMemory at 0xc0ed103000 of 6024 bytes failed: Only part of a ReadProcessMemory or WriteProcessMemory request was completed. (0x12B)
[0310/175409.526:ERROR:process_memory_win.cc(73)] ReadMemory at 0xc0ed105000 of 6024 bytes failed: Only part of a ReadProcessMemory or WriteProcessMemory request was completed. (0x12B)
[0310/175409.526:ERROR:process_memory_win.cc(73)] ReadMemory at 0xc0ed107000 of 6024 bytes failed: Only part of a ReadProcessMemory or WriteProcessMemory request was completed. (0x12B)
[0310/175409.526:ERROR:process_memory_win.cc(73)] ReadMemory at 0xc0ed109000 of 6024 bytes failed: Only part of a ReadProcessMemory or WriteProcessMemory request was completed. (0x12B)
[0310/175409.526:ERROR:process_memory_win.cc(73)] ReadMemory at 0xc0ed10b000 of 6024 bytes failed: Only part of a ReadProcessMemory or WriteProcessMemory request was completed. (0x12B)
[0310/175409.526:ERROR:process_memory_win.cc(73)] ReadMemory at 0xc0ed10d000 of 6024 bytes failed: Only part of a ReadProcessMemory or WriteProcessMemory request was completed. (0x12B)
[0310/175409.526:ERROR:process_memory_win.cc(73)] ReadMemory at 0xc0ed10f000 of 6024 bytes failed: Only part of a ReadProcessMemory or WriteProcessMemory request was completed. (0x12B)
[0310/175409.526:ERROR:process_memory_win.cc(73)] ReadMemory at 0xc0ed111000 of 6024 bytes failed: Only part of a ReadProcessMemory or WriteProcessMemory request was completed. (0x12B)
[0310/175409.526:ERROR:process_memory_win.cc(73)] ReadMemory at 0xc0ed113000 of 6024 bytes failed: Only part of a ReadProcessMemory or WriteProcessMemory request was completed. (0x12B)
[0310/175409.526:ERROR:process_memory_win.cc(73)] ReadMemory at 0xc0ed115000 of 6024 bytes failed: Only part of a ReadProcessMemory or WriteProcessMemory request was completed. (0x12B)
[0310/175409.526:ERROR:process_memory_win.cc(73)] ReadMemory at 0xc0ed117000 of 6024 bytes failed: Only part of a ReadProcessMemory or WriteProcessMemory request was completed. (0x12B)
[0310/175409.527:ERROR:process_memory_win.cc(73)] ReadMemory at 0xc0ed119000 of 6024 bytes failed: Only part of a ReadProcessMemory or WriteProcessMemory request was completed. (0x12B)
[0310/175409.527:ERROR:process_memory_win.cc(73)] ReadMemory at 0x253b7d80fe0 of 4442 bytes failed: Only part of a ReadProcessMemory or WriteProcessMemory request was completed. (0x12B)
[0310/175409.527:ERROR:process_memory_win.cc(73)] ReadMemory at 0x253b7d82150 of 1012 bytes failed: Only part of a ReadProcessMemory or WriteProcessMemory request was completed. (0x12B)
[0310/175409.527:ERROR:process_memory_win.cc(73)] ReadMemory at 0x253b7d82798 of 118 bytes failed: Only part of a ReadProcessMemory or WriteProcessMemory request was completed. (0x12B)
[0310/175409.527:ERROR:process_memory_win.cc(73)] ReadMemory at 0x253b7d82810 of 1302 bytes failed: Only part of a ReadProcessMemory or WriteProcessMemory request was completed. (0x12B)
[0310/175409.527:ERROR:process_memory_win.cc(73)] ReadMemory at 0x253b7d82d28 of 118 bytes failed: Only part of a ReadProcessMemory or WriteProcessMemory request was completed. (0x12B)
[0310/175409.527:ERROR:process_memory_win.cc(73)] ReadMemory at 0x253b7d82da0 of 102 bytes failed: Only part of a ReadProcessMemory or WriteProcessMemory request was completed. (0x12B)
[0310/175409.527:ERROR:process_memory_win.cc(73)] ReadMemory at 0x253b7d82e20 of 58 bytes failed: Only part of a ReadProcessMemory or WriteProcessMemory request was completed. (0x12B)
[0310/175409.527:ERROR:process_memory_win.cc(73)] ReadMemory at 0x253b7d82f20 of 132 bytes failed: Only part of a ReadProcessMemory or WriteProcessMemory request was completed. (0x12B)
[0310/175409.527:ERROR:process_memory_win.cc(73)] ReadMemory at 0x253b7d830b0 of 132 bytes failed: Only part of a ReadProcessMemory or WriteProcessMemory request was completed. (0x12B)
[0310/175409.527:ERROR:process_memory_win.cc(73)] ReadMemory at 0x253b7d83270 of 126 bytes failed: Only part of a ReadProcessMemory or WriteProcessMemory request was completed. (0x12B)
[0310/175409.527:ERROR:process_memory_win.cc(73)] ReadMemory at 0x253b7d83650 of 132 bytes failed: Only part of a ReadProcessMemory or WriteProcessMemory request was completed. (0x12B)
[0310/175409.527:ERROR:process_memory_win.cc(73)] ReadMemory at 0x253b7d837e0 of 64 bytes failed: Only part of a ReadProcessMemory or WriteProcessMemory request was completed. (0x12B)
[0310/175409.527:ERROR:process_memory_win.cc(73)] ReadMemory at 0x253b7d83940 of 132 bytes failed: Only part of a ReadProcessMemory or WriteProcessMemory request was completed. (0x12B)
[0310/175409.527:ERROR:process_memory_win.cc(73)] ReadMemory at 0x253b7d83ad0 of 60 bytes failed: Only part of a ReadProcessMemory or WriteProcessMemory request was completed. (0x12B)
[0310/175409.527:ERROR:process_memory_win.cc(73)] ReadMemory at 0x253b7d83c40 of 132 bytes failed: Only part of a ReadProcessMemory or WriteProcessMemory request was completed. (0x12B)
[0310/175409.527:ERROR:process_memory_win.cc(73)] ReadMemory at 0x253b7d83dd0 of 68 bytes failed: Only part of a ReadProcessMemory or WriteProcessMemory request was completed. (0x12B)
[0310/175409.527:ERROR:process_memory_win.cc(73)] ReadMemory at 0x253b7d84f80 of 132 bytes failed: Only part of a ReadProcessMemory or WriteProcessMemory request was completed. (0x12B)
[0310/175409.528:ERROR:process_memory_win.cc(73)] ReadMemory at 0x253b7d850f0 of 132 bytes failed: Only part of a ReadProcessMemory or WriteProcessMemory request was completed. (0x12B)
[0310/175409.528:ERROR:process_memory_win.cc(73)] ReadMemory at 0x253b7d85220 of 146 bytes failed: Only part of a ReadProcessMemory or WriteProcessMemory request was completed. (0x12B)
[0310/175409.528:ERROR:process_memory_win.cc(73)] ReadMemory at 0x253b7d85300 of 132 bytes failed: Only part of a ReadProcessMemory or WriteProcessMemory request was completed. (0x12B)
[0310/175409.528:ERROR:process_memory_win.cc(73)] ReadMemory at 0x253b7d85430 of 154 bytes failed: Only part of a ReadProcessMemory or WriteProcessMemory request was completed. (0x12B)
[0310/175409.528:ERROR:process_memory_win.cc(73)] ReadMemory at 0x253b7d86bd0 of 60 bytes failed: Only part of a ReadProcessMemory or WriteProcessMemory request was completed. (0x12B)
[0310/175409.528:ERROR:process_memory_win.cc(73)] ReadMemory at 0x253b7d86c50 of 62 bytes failed: Only part of a ReadProcessMemory or WriteProcessMemory request was completed. (0x12B)
[0310/175409.528:ERROR:process_memory_win.cc(73)] ReadMemory at 0x253b7d86ca0 of 132 bytes failed: Only part of a ReadProcessMemory or WriteProcessMemory request was completed. (0x12B)
[0310/175409.528:ERROR:process_memory_win.cc(73)] ReadMemory at 0x253b7d86e40 of 132 bytes failed: Only part of a ReadProcessMemory or WriteProcessMemory request was completed. (0x12B)
[0310/175409.528:ERROR:process_memory_win.cc(73)] ReadMemory at 0x253b7d88d20 of 132 bytes failed: Only part of a ReadProcessMemory or WriteProcessMemory request was completed. (0x12B)
[0310/175409.528:ERROR:process_memory_win.cc(73)] ReadMemory at 0x253b7d8d64c of 512 bytes failed: Only part of a ReadProcessMemory or WriteProcessMemory request was completed. (0x12B)
[0310/175409.528:ERROR:process_memory_win.cc(73)] ReadMemory at 0x253b7d8e190 of 62 bytes failed: Only part of a ReadProcessMemory or WriteProcessMemory request was completed. (0x12B)
[0310/175409.528:ERROR:process_memory_win.cc(73)] ReadMemory at 0x253b7d8e1e0 of 60 bytes failed: Only part of a ReadProcessMemory or WriteProcessMemory request was completed. (0x12B)
[0310/175409.528:ERROR:process_memory_win.cc(73)] ReadMemory at 0x253b7d8e230 of 64 bytes failed: Only part of a ReadProcessMemory or WriteProcessMemory request was completed. (0x12B)
[0310/175409.528:ERROR:process_memory_win.cc(73)] ReadMemory at 0x253b7d8e280 of 60 bytes failed: Only part of a ReadProcessMemory or WriteProcessMemory request was completed. (0x12B)
[0310/175409.528:ERROR:process_memory_win.cc(73)] ReadMemory at 0x253b7d8e320 of 64 bytes failed: Only part of a ReadProcessMemory or WriteProcessMemory request was completed. (0x12B)
[0310/175409.528:ERROR:process_memory_win.cc(73)] ReadMemory at 0x253b7d8e3c0 of 66 bytes failed: Only part of a ReadProcessMemory or WriteProcessMemory request was completed. (0x12B)
[0310/175409.528:ERROR:process_memory_win.cc(73)] ReadMemory at 0x253b7d8eb90 of 132 bytes failed: Only part of a ReadProcessMemory or WriteProcessMemory request was completed. (0x12B)
[0310/175409.528:ERROR:process_memory_win.cc(73)] ReadMemory at 0x253b7d8ecc0 of 132 bytes failed: Only part of a ReadProcessMemory or WriteProcessMemory request was completed. (0x12B)
[0310/175409.528:ERROR:process_memory_win.cc(73)] ReadMemory at 0x253b7d93370 of 80 bytes failed: Only part of a ReadProcessMemory or WriteProcessMemory request was completed. (0x12B)
[0310/175409.528:ERROR:process_memory_win.cc(73)] ReadMemory at 0x253b7d97700 of 132 bytes failed: Only part of a ReadProcessMemory or WriteProcessMemory request was completed. (0x12B)
[0310/175409.528:ERROR:process_memory_win.cc(73)] ReadMemory at 0x253b7d97830 of 132 bytes failed: Only part of a ReadProcessMemory or WriteProcessMemory request was completed. (0x12B)
[0310/175409.529:ERROR:process_memory_win.cc(73)] ReadMemory at 0x253b7d97960 of 132 bytes failed: Only part of a ReadProcessMemory or WriteProcessMemory request was completed. (0x12B)
[0310/175409.529:ERROR:process_memory_win.cc(73)] ReadMemory at 0x253b7d97a90 of 132 bytes failed: Only part of a ReadProcessMemory or WriteProcessMemory request was completed. (0x12B)
[0310/175409.529:ERROR:process_memory_win.cc(73)] ReadMemory at 0x253b7d97bc0 of 132 bytes failed: Only part of a ReadProcessMemory or WriteProcessMemory request was completed. (0x12B)
[0310/175409.529:ERROR:process_memory_win.cc(73)] ReadMemory at 0x253b7d97cf0 of 132 bytes failed: Only part of a ReadProcessMemory or WriteProcessMemory request was completed. (0x12B)
[0310/175409.529:ERROR:process_memory_win.cc(73)] ReadMemory at 0x253b7d97e20 of 132 bytes failed: Only part of a ReadProcessMemory or WriteProcessMemory request was completed. (0x12B)
[0310/175409.529:ERROR:process_memory_win.cc(73)] ReadMemory at 0x253b7d97f50 of 132 bytes failed: Only part of a ReadProcessMemory or WriteProcessMemory request was completed. (0x12B)
[0310/175409.529:ERROR:process_memory_win.cc(73)] ReadMemory at 0x253b7d98080 of 132 bytes failed: Only part of a ReadProcessMemory or WriteProcessMemory request was completed. (0x12B)
[0310/175409.529:ERROR:process_memory_win.cc(73)] ReadMemory at 0x253b7d981b0 of 132 bytes failed: Only part of a ReadProcessMemory or WriteProcessMemory request was completed. (0x12B)
[0310/175409.529:ERROR:process_memory_win.cc(73)] ReadMemory at 0x253b7d98410 of 132 bytes failed: Only part of a ReadProcessMemory or WriteProcessMemory request was completed. (0x12B)
[0310/175409.529:ERROR:process_memory_win.cc(73)] ReadMemory at 0x253b7d98540 of 132 bytes failed: Only part of a ReadProcessMemory or WriteProcessMemory request was completed. (0x12B)
[0310/175409.529:ERROR:process_memory_win.cc(73)] ReadMemory at 0x253b7d98710 of 64 bytes failed: Only part of a ReadProcessMemory or WriteProcessMemory request was completed. (0x12B)
[0310/175409.529:ERROR:process_memory_win.cc(73)] ReadMemory at 0x253b7d98760 of 62 bytes failed: Only part of a ReadProcessMemory or WriteProcessMemory request was completed. (0x12B)
[0310/175409.529:ERROR:process_memory_win.cc(73)] ReadMemory at 0x253b7d987b0 of 62 bytes failed: Only part of a ReadProcessMemory or WriteProcessMemory request was completed. (0x12B)
[0310/175409.529:ERROR:process_memory_win.cc(73)] ReadMemory at 0x253b7d988a0 of 64 bytes failed: Only part of a ReadProcessMemory or WriteProcessMemory request was completed. (0x12B)
[0310/175409.529:ERROR:process_memory_win.cc(73)] ReadMemory at 0x253b7d989e0 of 64 bytes failed: Only part of a ReadProcessMemory or WriteProcessMemory request was completed. (0x12B)
[0310/175409.529:ERROR:process_memory_win.cc(73)] ReadMemory at 0x253b7d98bc0 of 62 bytes failed: Only part of a ReadProcessMemory or WriteProcessMemory request was completed. (0x12B)
[0310/175409.529:ERROR:process_memory_win.cc(73)] ReadMemory at 0x253b7d98c60 of 62 bytes failed: Only part of a ReadProcessMemory or WriteProcessMemory request was completed. (0x12B)
[0310/175409.529:ERROR:process_memory_win.cc(73)] ReadMemory at 0x253b7d98cb0 of 66 bytes failed: Only part of a ReadProcessMemory or WriteProcessMemory request was completed. (0x12B)
[0310/175409.529:ERROR:process_memory_win.cc(73)] ReadMemory at 0x253b7d98d50 of 64 bytes failed: Only part of a ReadProcessMemory or WriteProcessMemory request was completed. (0x12B)
[0310/175409.529:ERROR:process_memory_win.cc(73)] ReadMemory at 0x253b7d98da0 of 64 bytes failed: Only part of a ReadProcessMemory or WriteProcessMemory request was completed. (0x12B)
[0310/175409.529:ERROR:process_memory_win.cc(73)] ReadMemory at 0x253b7d98df0 of 62 bytes failed: Only part of a ReadProcessMemory or WriteProcessMemory request was completed. (0x12B)
[0310/175409.529:ERROR:process_memory_win.cc(73)] ReadMemory at 0x253b7d98e40 of 62 bytes failed: Only part of a ReadProcessMemory or WriteProcessMemory request was completed. (0x12B)
[0310/175409.529:ERROR:process_memory_win.cc(73)] ReadMemory at 0x253b7d98f80 of 62 bytes failed: Only part of a ReadProcessMemory or WriteProcessMemory request was completed. (0x12B)
[0310/175409.529:ERROR:process_memory_win.cc(73)] ReadMemory at 0x253b7d99200 of 58 bytes failed: Only part of a ReadProcessMemory or WriteProcessMemory request was completed. (0x12B)
[0310/175409.529:ERROR:process_memory_win.cc(73)] ReadMemory at 0x253b7d992a0 of 62 bytes failed: Only part of a ReadProcessMemory or WriteProcessMemory request was completed. (0x12B)
[0310/175409.530:ERROR:process_memory_win.cc(73)] ReadMemory at 0x253b7d99390 of 62 bytes failed: Only part of a ReadProcessMemory or WriteProcessMemory request was completed. (0x12B)
[0310/175409.530:ERROR:process_memory_win.cc(73)] ReadMemory at 0x253b7d993e0 of 60 bytes failed: Only part of a ReadProcessMemory or WriteProcessMemory request was completed. (0x12B)
[0310/175409.530:ERROR:process_memory_win.cc(73)] ReadMemory at 0x253b7d99480 of 60 bytes failed: Only part of a ReadProcessMemory or WriteProcessMemory request was completed. (0x12B)
[0310/175409.530:ERROR:process_memory_win.cc(73)] ReadMemory at 0x253b7d99520 of 60 bytes failed: Only part of a ReadProcessMemory or WriteProcessMemory request was completed. (0x12B)
[0310/175409.530:ERROR:process_memory_win.cc(73)] ReadMemory at 0x253b7d99570 of 60 bytes failed: Only part of a ReadProcessMemory or WriteProcessMemory request was completed. (0x12B)
[0310/175409.530:ERROR:process_memory_win.cc(73)] ReadMemory at 0x253b7d995c0 of 64 bytes failed: Only part of a ReadProcessMemory or WriteProcessMemory request was completed. (0x12B)
[0310/175409.530:ERROR:process_memory_win.cc(73)] ReadMemory at 0x253b7d99e40 of 132 bytes failed: Only part of a ReadProcessMemory or WriteProcessMemory request was completed. (0x12B)
[0310/175409.530:ERROR:process_memory_win.cc(73)] ReadMemory at 0x253b7d9b950 of 54 bytes failed: Only part of a ReadProcessMemory or WriteProcessMemory request was completed. (0x12B)
[0310/175409.530:ERROR:process_memory_win.cc(73)] ReadMemory at 0x253b7d9d7f0 of 132 bytes failed: Only part of a ReadProcessMemory or WriteProcessMemory request was completed. (0x12B)
[0310/175409.530:ERROR:process_memory_win.cc(73)] ReadMemory at 0x253b7d9da10 of 132 bytes failed: Only part of a ReadProcessMemory or WriteProcessMemory request was completed. (0x12B)
[0310/175409.530:ERROR:process_memory_win.cc(73)] ReadMemory at 0x253b7d9dd70 of 132 bytes failed: Only part of a ReadProcessMemory or WriteProcessMemory request was completed. (0x12B)
[0310/175409.530:ERROR:process_memory_win.cc(73)] ReadMemory at 0x253b7da04e0 of 76 bytes failed: Only part of a ReadProcessMemory or WriteProcessMemory request was completed. (0x12B)
[0310/175409.530:ERROR:process_memory_win.cc(73)] ReadMemory at 0x253b7da06c0 of 80 bytes failed: Only part of a ReadProcessMemory or WriteProcessMemory request was completed. (0x12B)
[0310/175409.530:ERROR:process_memory_win.cc(73)] ReadMemory at 0x253b7da07e0 of 78 bytes failed: Only part of a ReadProcessMemory or WriteProcessMemory request was completed. (0x12B)
[0310/175409.530:ERROR:process_memory_win.cc(73)] ReadMemory at 0x253b7da1b10 of 132 bytes failed: Only part of a ReadProcessMemory or WriteProcessMemory request was completed. (0x12B)
[0310/175409.530:ERROR:process_memory_win.cc(73)] ReadMemory at 0x253b7da1c40 of 132 bytes failed: Only part of a ReadProcessMemory or WriteProcessMemory request was completed. (0x12B)
[0310/175409.530:ERROR:process_memory_win.cc(73)] ReadMemory at 0x253b7da1d70 of 132 bytes failed: Only part of a ReadProcessMemory or WriteProcessMemory request was completed. (0x12B)
[0310/175409.530:ERROR:process_memory_win.cc(73)] ReadMemory at 0x253b7da1ea0 of 132 bytes failed: Only part of a ReadProcessMemory or WriteProcessMemory request was completed. (0x12B)
[0310/175409.530:ERROR:process_memory_win.cc(73)] ReadMemory at 0x253b7da1fd0 of 132 bytes failed: Only part of a ReadProcessMemory or WriteProcessMemory request was completed. (0x12B)
[0310/175409.530:ERROR:process_memory_win.cc(73)] ReadMemory at 0x253b7da2100 of 132 bytes failed: Only part of a ReadProcessMemory or WriteProcessMemory request was completed. (0x12B)
[0310/175409.530:ERROR:process_memory_win.cc(73)] ReadMemory at 0x253b7da2230 of 132 bytes failed: Only part of a ReadProcessMemory or WriteProcessMemory request was completed. (0x12B)
[0310/175409.530:ERROR:process_memory_win.cc(73)] ReadMemory at 0x253b7da2360 of 132 bytes failed: Only part of a ReadProcessMemory or WriteProcessMemory request was completed. (0x12B)
[0310/175409.530:ERROR:process_memory_win.cc(73)] ReadMemory at 0x253b7da2490 of 132 bytes failed: Only part of a ReadProcessMemory or WriteProcessMemory request was completed. (0x12B)
[0310/175409.531:ERROR:process_memory_win.cc(73)] ReadMemory at 0x253b7da25c0 of 132 bytes failed: Only part of a ReadProcessMemory or WriteProcessMemory request was completed. (0x12B)
[0310/175409.531:ERROR:process_memory_win.cc(73)] ReadMemory at 0x253b7da26f0 of 132 bytes failed: Only part of a ReadProcessMemory or WriteProcessMemory request was completed. (0x12B)
[0310/175409.531:ERROR:process_memory_win.cc(73)] ReadMemory at 0x253b7da2820 of 132 bytes failed: Only part of a ReadProcessMemory or WriteProcessMemory request was completed. (0x12B)
[0310/175409.531:ERROR:process_memory_win.cc(73)] ReadMemory at 0x253b7da2950 of 132 bytes failed: Only part of a ReadProcessMemory or WriteProcessMemory request was completed. (0x12B)
[0310/175409.531:ERROR:process_memory_win.cc(73)] ReadMemory at 0x253b7da2a80 of 132 bytes failed: Only part of a ReadProcessMemory or WriteProcessMemory request was completed. (0x12B)
[0310/175409.531:ERROR:process_memory_win.cc(73)] ReadMemory at 0x253b7da2bb0 of 132 bytes failed: Only part of a ReadProcessMemory or WriteProcessMemory request was completed. (0x12B)
[0310/175409.531:ERROR:process_memory_win.cc(73)] ReadMemory at 0x253b7da2ce0 of 132 bytes failed: Only part of a ReadProcessMemory or WriteProcessMemory request was completed. (0x12B)
[0310/175409.531:ERROR:process_memory_win.cc(73)] ReadMemory at 0x253b7da2e10 of 132 bytes failed: Only part of a ReadProcessMemory or WriteProcessMemory request was completed. (0x12B)
[0310/175409.531:ERROR:process_memory_win.cc(73)] ReadMemory at 0x253b7da2f40 of 132 bytes failed: Only part of a ReadProcessMemory or WriteProcessMemory request was completed. (0x12B)
[0310/175409.531:ERROR:process_memory_win.cc(73)] ReadMemory at 0x253b7da3070 of 132 bytes failed: Only part of a ReadProcessMemory or WriteProcessMemory request was completed. (0x12B)
[0310/175409.531:ERROR:process_memory_win.cc(73)] ReadMemory at 0x253b7da31a0 of 132 bytes failed: Only part of a ReadProcessMemory or WriteProcessMemory request was completed. (0x12B)
[0310/175409.531:ERROR:process_memory_win.cc(73)] ReadMemory at 0x253b7da32d0 of 132 bytes failed: Only part of a ReadProcessMemory or WriteProcessMemory request was completed. (0x12B)
[0310/175409.531:ERROR:process_memory_win.cc(73)] ReadMemory at 0x253b7da3400 of 132 bytes failed: Only part of a ReadProcessMemory or WriteProcessMemory request was completed. (0x12B)
[0310/175409.531:ERROR:process_memory_win.cc(73)] ReadMemory at 0x253b7db6270 of 60 bytes failed: Only part of a ReadProcessMemory or WriteProcessMemory request was completed. (0x12B)
[0310/175409.531:ERROR:process_memory_win.cc(73)] ReadMemory at 0x253b7db62c0 of 60 bytes failed: Only part of a ReadProcessMemory or WriteProcessMemory request was completed. (0x12B)
[0310/175409.531:ERROR:process_memory_win.cc(73)] ReadMemory at 0x253b7db63b0 of 58 bytes failed: Only part of a ReadProcessMemory or WriteProcessMemory request was completed. (0x12B)
[0310/175409.531:ERROR:process_memory_win.cc(73)] ReadMemory at 0x253b7db6400 of 66 bytes failed: Only part of a ReadProcessMemory or WriteProcessMemory request was completed. (0x12B)
[0310/175409.531:ERROR:process_memory_win.cc(73)] ReadMemory at 0x253b7db65e0 of 58 bytes failed: Only part of a ReadProcessMemory or WriteProcessMemory request was completed. (0x12B)
[0310/175409.531:ERROR:process_memory_win.cc(73)] ReadMemory at 0x253b7db6630 of 64 bytes failed: Only part of a ReadProcessMemory or WriteProcessMemory request was completed. (0x12B)
[0310/175409.531:ERROR:process_memory_win.cc(73)] ReadMemory at 0x253b7db6810 of 58 bytes failed: Only part of a ReadProcessMemory or WriteProcessMemory request was completed. (0x12B)
[0310/175409.531:ERROR:process_memory_win.cc(73)] ReadMemory at 0x253b7db6a40 of 62 bytes failed: Only part of a ReadProcessMemory or WriteProcessMemory request was completed. (0x12B)
[0310/175409.531:ERROR:process_memory_win.cc(73)] ReadMemory at 0x253b7db6cc0 of 62 bytes failed: Only part of a ReadProcessMemory or WriteProcessMemory request was completed. (0x12B)
[0310/175409.531:ERROR:process_memory_win.cc(73)] ReadMemory at 0x253b7db6f40 of 62 bytes failed: Only part of a ReadProcessMemory or WriteProcessMemory request was completed. (0x12B)
[0310/175409.531:ERROR:process_memory_win.cc(73)] ReadMemory at 0x253b7db9e60 of 512 bytes failed: Only part of a ReadProcessMemory or WriteProcessMemory request was completed. (0x12B)
[0310/175409.531:ERROR:process_memory_win.cc(73)] ReadMemory at 0x253b7dc1e90 of 512 bytes failed: Only part of a ReadProcessMemory or WriteProcessMemory request was completed. (0x12B)
[0310/175409.532:ERROR:process_memory_win.cc(73)] ReadMemory at 0x253b7dc3260 of 512 bytes failed: Only part of a ReadProcessMemory or WriteProcessMemory request was completed. (0x12B)
[0310/175409.532:ERROR:process_memory_win.cc(73)] ReadMemory at 0x253b7dc6e90 of 512 bytes failed: Only part of a ReadProcessMemory or WriteProcessMemory request was completed. (0x12B)
[0310/175409.532:ERROR:process_memory_win.cc(73)] ReadMemory at 0x253b8100dc0 of 512 bytes failed: Only part of a ReadProcessMemory or WriteProcessMemory request was completed. (0x12B)
[0310/175409.532:ERROR:process_memory_win.cc(73)] ReadMemory at 0x253b8101000 of 512 bytes failed: Only part of a ReadProcessMemory or WriteProcessMemory request was completed. (0x12B)
[0310/175409.532:ERROR:process_memory_win.cc(73)] ReadMemory at 0x253b82e50e0 of 704 bytes failed: Only part of a ReadProcessMemory or WriteProcessMemory request was completed. (0x12B)
[0310/175409.532:ERROR:process_memory_win.cc(73)] ReadMemory at 0x253b82f1400 of 512 bytes failed: Only part of a ReadProcessMemory or WriteProcessMemory request was completed. (0x12B)
[0310/175409.532:ERROR:process_memory_win.cc(73)] ReadMemory at 0x253b82ff270 of 512 bytes failed: Only part of a ReadProcessMemory or WriteProcessMemory request was completed. (0x12B)
[0310/175409.532:ERROR:process_memory_win.cc(73)] ReadMemory at 0x253b83023a0 of 512 bytes failed: Only part of a ReadProcessMemory or WriteProcessMemory request was completed. (0x12B)
[0310/175409.532:ERROR:process_memory_win.cc(73)] ReadMemory at 0x253b830c300 of 712 bytes failed: Only part of a ReadProcessMemory or WriteProcessMemory request was completed. (0x12B)
[0310/175409.532:ERROR:process_memory_win.cc(73)] ReadMemory at 0x253b830f7d0 of 512 bytes failed: Only part of a ReadProcessMemory or WriteProcessMemory request was completed. (0x12B)
[0310/175409.532:ERROR:process_memory_win.cc(73)] ReadMemory at 0x253b8326618 of 512 bytes failed: Only part of a ReadProcessMemory or WriteProcessMemory request was completed. (0x12B)
[0310/175409.532:ERROR:process_memory_win.cc(73)] ReadMemory at 0x253b8327428 of 512 bytes failed: Only part of a ReadProcessMemory or WriteProcessMemory request was completed. (0x12B)
[0310/175409.532:ERROR:process_memory_win.cc(73)] ReadMemory at 0x253b83bdcc0 of 512 bytes failed: Only part of a ReadProcessMemory or WriteProcessMemory request was completed. (0x12B)
[0310/175409.532:ERROR:process_memory_win.cc(73)] ReadMemory at 0x253ba2a0000 of 384 bytes failed: Only part of a ReadProcessMemory or WriteProcessMemory request was completed. (0x12B)
[0310/175409.532:ERROR:process_memory_win.cc(73)] ReadMemory at 0x253ba2d0b78 of 944 bytes failed: Only part of a ReadProcessMemory or WriteProcessMemory request was completed. (0x12B)
[0310/175409.532:ERROR:process_memory_win.cc(73)] ReadMemory at 0x253ba2da610 of 512 bytes failed: Only part of a ReadProcessMemory or WriteProcessMemory request was completed. (0x12B)
[0310/175409.532:ERROR:process_memory_win.cc(73)] ReadMemory at 0x253ba3cacc8 of 520 bytes failed: Only part of a ReadProcessMemory or WriteProcessMemory request was completed. (0x12B)
[0310/175409.532:ERROR:process_memory_win.cc(73)] ReadMemory at 0x253ba3f70c8 of 512 bytes failed: Only part of a ReadProcessMemory or WriteProcessMemory request was completed. (0x12B)
[0310/175409.532:ERROR:process_memory_win.cc(73)] ReadMemory at 0x536c7cb25780 of 512 bytes failed: Only part of a ReadProcessMemory or WriteProcessMemory request was completed. (0x12B)
[0310/175409.532:ERROR:process_memory_win.cc(73)] ReadMemory at 0x7ffec84f3a7b of 512 bytes failed: Only part of a ReadProcessMemory or WriteProcessMemory request was completed. (0x12B)
[0310/175409.532:ERROR:process_memory_win.cc(73)] ReadMemory at 0x7ffecc482c90 of 512 bytes failed: Only part of a ReadProcessMemory or WriteProcessMemory request was completed. (0x12B)
[0310/175409.533:ERROR:process_memory_win.cc(73)] ReadMemory at 0x7fff555cb6d0 of 512 bytes failed: Only part of a ReadProcessMemory or WriteProcessMemory request was completed. (0x12B)
[0310/175409.533:ERROR:process_memory_win.cc(73)] ReadMemory at 0x7fff581bc064 of 672 bytes failed: Only part of a ReadProcessMemory or WriteProcessMemory request was completed. (0x12B)
[0310/175409.533:ERROR:process_memory_win.cc(73)] ReadMemory at 0x7fff581bc664 of 512 bytes failed: Only part of a ReadProcessMemory or WriteProcessMemory request was completed. (0x12B)
[0310/175409.533:ERROR:process_memory_win.cc(73)] ReadMemory at 0x7fff581bf914 of 608 bytes failed: Only part of a ReadProcessMemory or WriteProcessMemory request was completed. (0x12B)
[0310/175409.533:ERROR:process_memory_win.cc(73)] ReadMemory at 0x7fff5824c418 of 18 bytes failed: Only part of a ReadProcessMemory or WriteProcessMemory request was completed. (0x12B)
[0310/175409.533:ERROR:process_memory_win.cc(73)] ReadMemory at 0x7fff5827f4f8 of 40 bytes failed: Only part of a ReadProcessMemory or WriteProcessMemory request was completed. (0x12B)
[0310/175409.533:ERROR:process_memory_win.cc(73)] ReadMemory at 0x7fff5827f978 of 48 bytes failed: Only part of a ReadProcessMemory or WriteProcessMemory request was completed. (0x12B)
[0310/175409.533:ERROR:process_memory_win.cc(73)] ReadMemory at 0x7fff582853c0 of 64 bytes failed: Only part of a ReadProcessMemory or WriteProcessMemory request was completed. (0x12B)
[0310/175409.535:ERROR:file_io_win.cc(161)] CreateFile C:\Users\fgul\AppData\Local\Temp\scoped_dir9580_2035519660\Crashpad\settings.dat: The system cannot find the file specified. (0x2)
[0310/175409.535:ERROR:scoped_process_suspend.cc(40)] NtResumeProcess: An attempt was made to access an exiting process. (0xc000010a)
